2017-08-16 10:52:13,081 耗时：0 [日志来自：t.support.DefaultTestContextBootstrapper 日志类型: INFO  日志内容：Loaded default TestExecutionListener class names from location [META-INF/spring.factories]: [org.springframework.test.context.web.ServletTestExecutionListener, org.springframework.test.context.support.DirtiesContextBeforeModesTestExecutionListener, org.springframework.test.context.support.DependencyInjectionTestExecutionListener, org.springframework.test.context.support.DirtiesContextTestExecutionListener, org.springframework.test.context.transaction.TransactionalTestExecutionListener, org.springframework.test.context.jdbc.SqlScriptsTestExecutionListener]]
2017-08-16 10:52:13,205 耗时：124 [日志来自：t.support.DefaultTestContextBootstrapper 日志类型: INFO  日志内容：Using TestExecutionListeners: [org.springframework.test.context.web.ServletTestExecutionListener@dcf8640, org.springframework.test.context.support.DirtiesContextBeforeModesTestExecutionListener@3376dad5, org.springframework.test.context.support.DependencyInjectionTestExecutionListener@4018f058, org.springframework.test.context.support.DirtiesContextTestExecutionListener@254b4248, org.springframework.test.context.transaction.TransactionalTestExecutionListener@6fec9818, org.springframework.test.context.jdbc.SqlScriptsTestExecutionListener@15f58910]]
2017-08-16 10:52:13,439 耗时：358 [日志来自：factory.xml.XmlBeanDefinitionReader      日志类型: INFO  日志内容：Loading XML bean definitions from class path resource [applicationContext-db.xml]]
2017-08-16 10:52:14,126 耗时：1045 [日志来自：ontext.support.GenericApplicationContext 日志类型: INFO  日志内容：Refreshing org.springframework.context.support.GenericApplicationContext@b93c476: startup date [Wed Aug 16 10:52:14 CST 2017]; root of context hierarchy]
2017-08-16 10:52:15,187 耗时：2106 [日志来自：druid.pool.DruidAbstractDataSource       日志类型: ERROR 日志内容：maxIdle is deprecated]
2017-08-16 10:52:15,623 耗时：2542 [日志来自：ehcache.config.ConfigurationFactory      日志类型: WARN  日志内容：No configuration found. Configuring ehcache from ehcache-failsafe.xml  found in the classpath: jar:file:/D:/Program%20Files/MyEclipse/DIY%20maven/maven/repo/net/sf/ehcache/ehcache/2.10.0/ehcache-2.10.0.jar!/ehcache-failsafe.xml]
2017-08-16 10:52:17,216 耗时：4135 [日志来自：druid.pool.DruidDataSource               日志类型: INFO  日志内容：{dataSource-1} inited]
2017-08-16 10:52:17,512 耗时：4431 [日志来自：web.mappers.UpmsCompanyMapperTest        日志类型: INFO  日志内容：--test-5--list=company_name1]
2017-08-16 10:52:17,528 耗时：4447 [日志来自：ontext.support.GenericApplicationContext 日志类型: INFO  日志内容：Closing org.springframework.context.support.GenericApplicationContext@b93c476: startup date [Wed Aug 16 10:52:14 CST 2017]; root of context hierarchy]
2017-08-16 10:52:17,543 耗时：4462 [日志来自：druid.pool.DruidDataSource               日志类型: INFO  日志内容：{dataSource-1} closed]
2017-08-16 10:52:48,706 耗时：0 [日志来自：t.support.DefaultTestContextBootstrapper 日志类型: INFO  日志内容：Loaded default TestExecutionListener class names from location [META-INF/spring.factories]: [org.springframework.test.context.web.ServletTestExecutionListener, org.springframework.test.context.support.DirtiesContextBeforeModesTestExecutionListener, org.springframework.test.context.support.DependencyInjectionTestExecutionListener, org.springframework.test.context.support.DirtiesContextTestExecutionListener, org.springframework.test.context.transaction.TransactionalTestExecutionListener, org.springframework.test.context.jdbc.SqlScriptsTestExecutionListener]]
2017-08-16 10:52:48,721 耗时：15 [日志来自：t.support.DefaultTestContextBootstrapper 日志类型: INFO  日志内容：Using TestExecutionListeners: [org.springframework.test.context.web.ServletTestExecutionListener@40fe4ac9, org.springframework.test.context.support.DirtiesContextBeforeModesTestExecutionListener@76dff374, org.springframework.test.context.support.DependencyInjectionTestExecutionListener@68e881a4, org.springframework.test.context.support.DirtiesContextTestExecutionListener@78976bca, org.springframework.test.context.transaction.TransactionalTestExecutionListener@1d25d8a0, org.springframework.test.context.jdbc.SqlScriptsTestExecutionListener@1fb0ff53]]
2017-08-16 10:52:48,799 耗时：93 [日志来自：factory.xml.XmlBeanDefinitionReader      日志类型: INFO  日志内容：Loading XML bean definitions from class path resource [applicationContext-db.xml]]
2017-08-16 10:52:49,080 耗时：374 [日志来自：ontext.support.GenericApplicationContext 日志类型: INFO  日志内容：Refreshing org.springframework.context.support.GenericApplicationContext@49606c14: startup date [Wed Aug 16 10:52:49 CST 2017]; root of context hierarchy]
2017-08-16 10:52:49,673 耗时：967 [日志来自：druid.pool.DruidAbstractDataSource       日志类型: ERROR 日志内容：maxIdle is deprecated]
2017-08-16 10:52:49,907 耗时：1201 [日志来自：ehcache.config.ConfigurationFactory      日志类型: WARN  日志内容：No configuration found. Configuring ehcache from ehcache-failsafe.xml  found in the classpath: jar:file:/D:/Program%20Files/MyEclipse/DIY%20maven/maven/repo/net/sf/ehcache/ehcache/2.10.0/ehcache-2.10.0.jar!/ehcache-failsafe.xml]
2017-08-16 10:52:50,843 耗时：2137 [日志来自：druid.pool.DruidDataSource               日志类型: INFO  日志内容：{dataSource-1} inited]
2017-08-16 10:52:51,092 耗时：2386 [日志来自：ontext.support.GenericApplicationContext 日志类型: INFO  日志内容：Closing org.springframework.context.support.GenericApplicationContext@49606c14: startup date [Wed Aug 16 10:52:49 CST 2017]; root of context hierarchy]
2017-08-16 10:52:51,108 耗时：2402 [日志来自：druid.pool.DruidDataSource               日志类型: INFO  日志内容：{dataSource-1} closed]
2017-08-16 17:09:30,332 耗时：0 [日志来自：t.support.DefaultTestContextBootstrapper 日志类型: INFO  日志内容：Loaded default TestExecutionListener class names from location [META-INF/spring.factories]: [org.springframework.test.context.web.ServletTestExecutionListener, org.springframework.test.context.support.DirtiesContextBeforeModesTestExecutionListener, org.springframework.test.context.support.DependencyInjectionTestExecutionListener, org.springframework.test.context.support.DirtiesContextTestExecutionListener, org.springframework.test.context.transaction.TransactionalTestExecutionListener, org.springframework.test.context.jdbc.SqlScriptsTestExecutionListener]]
2017-08-16 17:09:30,382 耗时：50 [日志来自：t.support.DefaultTestContextBootstrapper 日志类型: INFO  日志内容：Using TestExecutionListeners: [org.springframework.test.context.web.ServletTestExecutionListener@dcf8640, org.springframework.test.context.support.DirtiesContextBeforeModesTestExecutionListener@3376dad5, org.springframework.test.context.support.DependencyInjectionTestExecutionListener@4018f058, org.springframework.test.context.support.DirtiesContextTestExecutionListener@254b4248, org.springframework.test.context.transaction.TransactionalTestExecutionListener@6fec9818, org.springframework.test.context.jdbc.SqlScriptsTestExecutionListener@15f58910]]
2017-08-16 17:09:30,550 耗时：218 [日志来自：factory.xml.XmlBeanDefinitionReader      日志类型: INFO  日志内容：Loading XML bean definitions from class path resource [applicationContext-db.xml]]
2017-08-16 17:09:30,787 耗时：455 [日志来自：ontext.support.GenericApplicationContext 日志类型: INFO  日志内容：Refreshing org.springframework.context.support.GenericApplicationContext@124724ea: startup date [Wed Aug 16 17:09:30 CST 2017]; root of context hierarchy]
2017-08-16 17:09:31,501 耗时：1169 [日志来自：druid.pool.DruidAbstractDataSource       日志类型: ERROR 日志内容：maxIdle is deprecated]
2017-08-16 17:09:33,600 耗时：3268 [日志来自：druid.pool.DruidDataSource               日志类型: INFO  日志内容：{dataSource-1} inited]
2017-08-16 17:09:33,996 耗时：3664 [日志来自：ontext.support.GenericApplicationContext 日志类型: INFO  日志内容：Closing org.springframework.context.support.GenericApplicationContext@124724ea: startup date [Wed Aug 16 17:09:30 CST 2017]; root of context hierarchy]
2017-08-16 17:09:34,004 耗时：3672 [日志来自：druid.pool.DruidDataSource               日志类型: INFO  日志内容：{dataSource-1} closed]
2017-08-16 17:09:55,938 耗时：0 [日志来自：t.support.DefaultTestContextBootstrapper 日志类型: INFO  日志内容：Loaded default TestExecutionListener class names from location [META-INF/spring.factories]: [org.springframework.test.context.web.ServletTestExecutionListener, org.springframework.test.context.support.DirtiesContextBeforeModesTestExecutionListener, org.springframework.test.context.support.DependencyInjectionTestExecutionListener, org.springframework.test.context.support.DirtiesContextTestExecutionListener, org.springframework.test.context.transaction.TransactionalTestExecutionListener, org.springframework.test.context.jdbc.SqlScriptsTestExecutionListener]]
2017-08-16 17:09:55,960 耗时：22 [日志来自：t.support.DefaultTestContextBootstrapper 日志类型: INFO  日志内容：Using TestExecutionListeners: [org.springframework.test.context.web.ServletTestExecutionListener@3376dad5, org.springframework.test.context.support.DirtiesContextBeforeModesTestExecutionListener@4018f058, org.springframework.test.context.support.DependencyInjectionTestExecutionListener@254b4248, org.springframework.test.context.support.DirtiesContextTestExecutionListener@6fec9818, org.springframework.test.context.transaction.TransactionalTestExecutionListener@15f58910, org.springframework.test.context.jdbc.SqlScriptsTestExecutionListener@2af984b3]]
2017-08-16 17:09:56,055 耗时：117 [日志来自：factory.xml.XmlBeanDefinitionReader      日志类型: INFO  日志内容：Loading XML bean definitions from class path resource [applicationContext-db.xml]]
2017-08-16 17:09:56,414 耗时：476 [日志来自：ontext.support.GenericApplicationContext 日志类型: INFO  日志内容：Refreshing org.springframework.context.support.GenericApplicationContext@124724ea: startup date [Wed Aug 16 17:09:56 CST 2017]; root of context hierarchy]
2017-08-16 17:09:57,225 耗时：1287 [日志来自：druid.pool.DruidAbstractDataSource       日志类型: ERROR 日志内容：maxIdle is deprecated]
2017-08-16 17:09:58,514 耗时：2576 [日志来自：druid.pool.DruidDataSource               日志类型: INFO  日志内容：{dataSource-1} inited]
2017-08-16 17:09:58,739 耗时：2801 [日志来自：ontext.support.GenericApplicationContext 日志类型: INFO  日志内容：Closing org.springframework.context.support.GenericApplicationContext@124724ea: startup date [Wed Aug 16 17:09:56 CST 2017]; root of context hierarchy]
2017-08-16 17:09:58,743 耗时：2805 [日志来自：druid.pool.DruidDataSource               日志类型: INFO  日志内容：{dataSource-1} closed]
2017-08-16 17:13:16,829 耗时：0 [日志来自：t.support.DefaultTestContextBootstrapper 日志类型: INFO  日志内容：Loaded default TestExecutionListener class names from location [META-INF/spring.factories]: [org.springframework.test.context.web.ServletTestExecutionListener, org.springframework.test.context.support.DirtiesContextBeforeModesTestExecutionListener, org.springframework.test.context.support.DependencyInjectionTestExecutionListener, org.springframework.test.context.support.DirtiesContextTestExecutionListener, org.springframework.test.context.transaction.TransactionalTestExecutionListener, org.springframework.test.context.jdbc.SqlScriptsTestExecutionListener]]
2017-08-16 17:13:16,854 耗时：25 [日志来自：t.support.DefaultTestContextBootstrapper 日志类型: INFO  日志内容：Using TestExecutionListeners: [org.springframework.test.context.web.ServletTestExecutionListener@286094d, org.springframework.test.context.support.DirtiesContextBeforeModesTestExecutionListener@2dcc9f86, org.springframework.test.context.support.DependencyInjectionTestExecutionListener@54fd2de7, org.springframework.test.context.support.DirtiesContextTestExecutionListener@39d0c448, org.springframework.test.context.transaction.TransactionalTestExecutionListener@3906709f, org.springframework.test.context.jdbc.SqlScriptsTestExecutionListener@55cbf3f8]]
2017-08-16 17:13:16,922 耗时：93 [日志来自：factory.xml.XmlBeanDefinitionReader      日志类型: INFO  日志内容：Loading XML bean definitions from class path resource [applicationContext-db.xml]]
2017-08-16 17:13:17,123 耗时：294 [日志来自：ontext.support.GenericApplicationContext 日志类型: INFO  日志内容：Refreshing org.springframework.context.support.GenericApplicationContext@1d94e2e5: startup date [Wed Aug 16 17:13:17 CST 2017]; root of context hierarchy]
2017-08-16 17:13:17,775 耗时：946 [日志来自：druid.pool.DruidAbstractDataSource       日志类型: ERROR 日志内容：maxIdle is deprecated]
2017-08-16 17:13:19,056 耗时：2227 [日志来自：druid.pool.DruidDataSource               日志类型: INFO  日志内容：{dataSource-1} inited]
2017-08-16 17:13:19,280 耗时：2451 [日志来自：ontext.support.GenericApplicationContext 日志类型: INFO  日志内容：Closing org.springframework.context.support.GenericApplicationContext@1d94e2e5: startup date [Wed Aug 16 17:13:17 CST 2017]; root of context hierarchy]
2017-08-16 17:13:19,284 耗时：2455 [日志来自：druid.pool.DruidDataSource               日志类型: INFO  日志内容：{dataSource-1} closed]
