2017-08-18 11:30:50,235 耗时：0 [日志来自：t.support.DefaultTestContextBootstrapper 日志类型: INFO  日志内容：Loaded default TestExecutionListener class names from location [META-INF/spring.factories]: [org.springframework.test.context.web.ServletTestExecutionListener, org.springframework.test.context.support.DirtiesContextBeforeModesTestExecutionListener, org.springframework.test.context.support.DependencyInjectionTestExecutionListener, org.springframework.test.context.support.DirtiesContextTestExecutionListener, org.springframework.test.context.transaction.TransactionalTestExecutionListener, org.springframework.test.context.jdbc.SqlScriptsTestExecutionListener]]
2017-08-18 11:30:50,254 耗时：19 [日志来自：t.support.DefaultTestContextBootstrapper 日志类型: INFO  日志内容：Using TestExecutionListeners: [org.springframework.test.context.web.ServletTestExecutionListener@4207c21e, org.springframework.test.context.support.DirtiesContextBeforeModesTestExecutionListener@b596170, org.springframework.test.context.support.DependencyInjectionTestExecutionListener@190c05e2, org.springframework.test.context.support.DirtiesContextTestExecutionListener@64564546, org.springframework.test.context.transaction.TransactionalTestExecutionListener@5bde2a20, org.springframework.test.context.jdbc.SqlScriptsTestExecutionListener@569fc9fe]]
2017-08-18 11:30:50,331 耗时：96 [日志来自：factory.xml.XmlBeanDefinitionReader      日志类型: INFO  日志内容：Loading XML bean definitions from class path resource [applicationContext-db.xml]]
2017-08-18 11:31:32,066 耗时：41831 [日志来自：ontext.support.GenericApplicationContext 日志类型: INFO  日志内容：Refreshing org.springframework.context.support.GenericApplicationContext@7469f674: startup date [Fri Aug 18 11:31:32 CST 2017]; root of context hierarchy]
2017-08-18 11:31:33,068 耗时：42833 [日志来自：sf.ehcache.DiskStorePathManager          日志类型: WARN  日志内容：diskStorePath 'C:\Users\lx\AppData\Local\Temp\pbs-ams-management\ehcache' is already used by an existing CacheManager either in the same VM or in a different process.
The diskStore path for this CacheManager will be set to C:\Users\lx\AppData\Local\Temp\pbs-ams-management\ehcache\ehcache_auto_created4488190725530328456diskstore.
To avoid this warning consider using the CacheManager factory methods to create a singleton CacheManager or specifying a separate ehcache configuration (ehcache.xml) for each CacheManager instance.]
2017-08-18 11:31:33,912 耗时：43677 [日志来自：druid.pool.DruidDataSource               日志类型: INFO  日志内容：{dataSource-1} inited]
2017-08-18 11:31:34,112 耗时：43877 [日志来自：factory.xml.XmlBeanDefinitionReader      日志类型: INFO  日志内容：Loading XML bean definitions from class path resource [org/springframework/jdbc/support/sql-error-codes.xml]]
2017-08-18 11:31:34,135 耗时：43900 [日志来自：jdbc.support.SQLErrorCodesFactory        日志类型: INFO  日志内容：SQLErrorCodes loaded: [DB2, Derby, H2, HSQL, Informix, MS-SQL, MySQL, Oracle, PostgreSQL, Sybase, Hana]]
2017-08-18 11:31:34,149 耗时：43914 [日志来自：ontext.support.GenericApplicationContext 日志类型: INFO  日志内容：Closing org.springframework.context.support.GenericApplicationContext@7469f674: startup date [Fri Aug 18 11:31:32 CST 2017]; root of context hierarchy]
2017-08-18 11:31:34,154 耗时：43919 [日志来自：druid.pool.DruidDataSource               日志类型: INFO  日志内容：{dataSource-1} closed]
2017-08-18 11:32:40,393 耗时：0 [日志来自：t.support.DefaultTestContextBootstrapper 日志类型: INFO  日志内容：Loaded default TestExecutionListener class names from location [META-INF/spring.factories]: [org.springframework.test.context.web.ServletTestExecutionListener, org.springframework.test.context.support.DirtiesContextBeforeModesTestExecutionListener, org.springframework.test.context.support.DependencyInjectionTestExecutionListener, org.springframework.test.context.support.DirtiesContextTestExecutionListener, org.springframework.test.context.transaction.TransactionalTestExecutionListener, org.springframework.test.context.jdbc.SqlScriptsTestExecutionListener]]
2017-08-18 11:32:40,408 耗时：15 [日志来自：t.support.DefaultTestContextBootstrapper 日志类型: INFO  日志内容：Using TestExecutionListeners: [org.springframework.test.context.web.ServletTestExecutionListener@43d7ecc8, org.springframework.test.context.support.DirtiesContextBeforeModesTestExecutionListener@14fa6144, org.springframework.test.context.support.DependencyInjectionTestExecutionListener@4207c21e, org.springframework.test.context.support.DirtiesContextTestExecutionListener@b596170, org.springframework.test.context.transaction.TransactionalTestExecutionListener@190c05e2, org.springframework.test.context.jdbc.SqlScriptsTestExecutionListener@64564546]]
2017-08-18 11:32:40,481 耗时：88 [日志来自：factory.xml.XmlBeanDefinitionReader      日志类型: INFO  日志内容：Loading XML bean definitions from class path resource [applicationContext-db.xml]]
2017-08-18 11:33:13,566 耗时：33173 [日志来自：ontext.support.GenericApplicationContext 日志类型: INFO  日志内容：Refreshing org.springframework.context.support.GenericApplicationContext@439fed1d: startup date [Fri Aug 18 11:33:13 CST 2017]; root of context hierarchy]
2017-08-18 11:33:14,787 耗时：34394 [日志来自：sf.ehcache.DiskStorePathManager          日志类型: WARN  日志内容：diskStorePath 'C:\Users\lx\AppData\Local\Temp\pbs-ams-management\ehcache' is already used by an existing CacheManager either in the same VM or in a different process.
The diskStore path for this CacheManager will be set to C:\Users\lx\AppData\Local\Temp\pbs-ams-management\ehcache\ehcache_auto_created7055426446078685937diskstore.
To avoid this warning consider using the CacheManager factory methods to create a singleton CacheManager or specifying a separate ehcache configuration (ehcache.xml) for each CacheManager instance.]
2017-08-18 11:33:16,210 耗时：35817 [日志来自：druid.pool.DruidDataSource               日志类型: INFO  日志内容：{dataSource-1} inited]
2017-08-18 11:33:16,469 耗时：36076 [日志来自：ontext.support.GenericApplicationContext 日志类型: INFO  日志内容：Closing org.springframework.context.support.GenericApplicationContext@439fed1d: startup date [Fri Aug 18 11:33:13 CST 2017]; root of context hierarchy]
2017-08-18 11:33:16,475 耗时：36082 [日志来自：druid.pool.DruidDataSource               日志类型: INFO  日志内容：{dataSource-1} closed]
